<?xml version="1.0" encoding="UTF-8" ?>
<testsuite tests="4" failures="4" name="hellocucumber.failed.RunCucumberTest" time="0.135" errors="0" skipped="0">
  <properties>
    <property name="idea.version" value="2021.1.1"/>
    <property name="java.runtime.name" value="OpenJDK Runtime Environment"/>
    <property name="java.vm.version" value="11.0.11+9"/>
    <property name="sun.boot.library.path" value="C:\jdk-11.0.11\bin"/>
    <property name="maven.multiModuleProjectDirectory" value="C:\github\hellocucumber"/>
    <property name="java.vm.vendor" value="AdoptOpenJDK"/>
    <property name="java.vendor.url" value="https://adoptopenjdk.net/"/>
    <property name="guice.disable.misplaced.annotation.check" value="true"/>
    <property name="path.separator" value=";"/>
    <property name="java.vm.name" value="OpenJDK 64-Bit Server VM"/>
    <property name="sun.os.patch.level" value=""/>
    <property name="user.script" value=""/>
    <property name="user.country" value="US"/>
    <property name="sun.java.launcher" value="SUN_STANDARD"/>
    <property name="java.vm.specification.name" value="Java Virtual Machine Specification"/>
    <property name="user.dir" value="C:\github\hellocucumber"/>
    <property name="java.vm.compressedOopsMode" value="Zero based"/>
    <property name="java.runtime.version" value="11.0.11+9"/>
    <property name="java.awt.graphicsenv" value="sun.awt.Win32GraphicsEnvironment"/>
    <property name="os.arch" value="amd64"/>
    <property name="java.io.tmpdir" value="C:\Users\Jack\AppData\Local\Temp\"/>
    <property name="line.separator" value="
"/>
    <property name="java.vm.specification.vendor" value="Oracle Corporation"/>
    <property name="user.variant" value=""/>
    <property name="os.name" value="Windows 10"/>
    <property name="maven.ext.class.path" value="C:\ideaIU\plugins\maven\lib\maven-event-listener.jar"/>
    <property name="classworlds.conf" value="C:\apache-maven-3.6.3\bin\m2.conf"/>
    <property name="sun.jnu.encoding" value="Cp1252"/>
    <property name="java.library.path" value="C:\jdk-11.0.11\bin;C:\Windows\Sun\Java\bin;C:\Windows\system32;C:\Windows;C:\Windows\system32;C:\Windows;C:\Windows\System32\Wbem;C:\Windows\System32\WindowsPowerShell\v1.0\;C:\apache-maven-3.6.3\bin;C:\PortableGit\bin;C:\node-win-x64;C:\Program Files (x86)\Microsoft Emulator Manager\1.0\;C:\jdk-11.0.11\bin;C:\Users\Jack\AppData\Local\Microsoft\WindowsApps;C:\Users\Jack\AppData\Local\Yarn\bin;C:\Users\Jack\AppData\Local\Programs\Microsoft VS Code\bin;C:\Program Files\Sublime Text 3;;."/>
    <property name="maven.conf" value="C:\apache-maven-3.6.3/conf"/>
    <property name="jdk.debug" value="release"/>
    <property name="java.class.version" value="55.0"/>
    <property name="java.specification.name" value="Java Platform API Specification"/>
    <property name="sun.management.compiler" value="HotSpot 64-Bit Tiered Compilers"/>
    <property name="os.version" value="10.0"/>
    <property name="user.home" value="C:\Users\Jack"/>
    <property name="user.timezone" value="Asia/Shanghai"/>
    <property name="java.awt.printerjob" value="sun.awt.windows.WPrinterJob"/>
    <property name="file.encoding" value="UTF-8"/>
    <property name="java.specification.version" value="11"/>
    <property name="user.name" value="Jack"/>
    <property name="java.class.path" value="C:\apache-maven-3.6.3\boot\plexus-classworlds-2.6.0.jar;C:\apache-maven-3.6.3\boot\plexus-classworlds.license"/>
    <property name="java.vm.specification.version" value="11"/>
    <property name="sun.arch.data.model" value="64"/>
    <property name="sun.java.command" value="org.codehaus.classworlds.Launcher -Didea.version=2021.1.1 test"/>
    <property name="java.home" value="C:\jdk-11.0.11"/>
    <property name="user.language" value="en"/>
    <property name="java.specification.vendor" value="Oracle Corporation"/>
    <property name="awt.toolkit" value="sun.awt.windows.WToolkit"/>
    <property name="java.vm.info" value="mixed mode"/>
    <property name="java.version" value="11.0.11"/>
    <property name="java.vendor" value="AdoptOpenJDK"/>
    <property name="maven.home" value="C:\apache-maven-3.6.3"/>
    <property name="file.separator" value="\"/>
    <property name="java.version.date" value="2021-04-20"/>
    <property name="java.vendor.url.bug" value="https://github.com/AdoptOpenJDK/openjdk-support/issues"/>
    <property name="sun.io.unicode.encoding" value="UnicodeLittle"/>
    <property name="sun.cpu.endian" value="little"/>
    <property name="java.vendor.version" value="AdoptOpenJDK-11.0.11+9"/>
    <property name="sun.desktop" value="windows"/>
    <property name="sun.cpu.isalist" value="amd64"/>
  </properties>
  <testcase classname="Some terse yet descriptive text of what is desired like bla bla" name="Some determinable business situation" time="0.124">
    <failure type="java.lang.AssertionError">java.lang.AssertionError
	at org.junit.Assert.fail(Assert.java:87)
	at org.junit.Assert.assertTrue(Assert.java:42)
	at org.junit.Assert.assertTrue(Assert.java:53)
	at hellocucumber.failed.StepDefinitions.the_following_people_exist(StepDefinitions.java:12)
	at ✽.the following people exist:(file:///C:/junit2octane/src/test/resources/features/robustgherkin.feature:14)
</failure>
  </testcase>
    <testcase classname="Some terse yet descriptive text of what is desired like bla bla" name="Some another scenario 2" time="0.005">
        <error message="error" type="java.lang.Exception">java.lang.Exception: error
            at hellocucumber.failed.StepDefinitions.some_precondition(StepDefinitions.java:23)
            at ✽.some precondition(file:///C:/junit2octane/src/test/resources/features/robustgherkin.feature:30)
        </error>
    </testcase>
  <testcase classname="Some terse yet descriptive text of what is desired like bla bla" name="feeding a cow cow1 yum yum yum" time="0.003">
    <failure type="java.lang.AssertionError">java.lang.AssertionError
	at org.junit.Assert.fail(Assert.java:87)
	at org.junit.Assert.assertTrue(Assert.java:42)
	at org.junit.Assert.assertTrue(Assert.java:53)
	at hellocucumber.failed.StepDefinitions.we_calculate_the_feeding_requirements(StepDefinitions.java:57)
	at ✽.we calculate the feeding requirements(file:///C:/junit2octane/src/test/resources/features/robustgherkin.feature:43)
</failure>
  </testcase>
  <testcase classname="Some terse yet descriptive text of what is desired like bla bla" name="feeding a cow cow2 yum yum yum" time="0.006">
    <error message="error when weight 500" type="java.lang.RuntimeException">java.lang.RuntimeException: error when weight 500
      at hellocucumber.failed.StepDefinitions.the_cow_weighs_kg(StepDefinitions.java:55)
      at ✽.the cow weighs 500 kg(file:///C:/junit2octane/src/test/resources/features/robustgherkin.feature:51)
    </error>
  </testcase>
</testsuite>