<testsuite name="robustGherkin.Some terse yet descriptive text of what is desired like bla bla" tests="4" errors="2" failures="0" skipped="0" time="0.015628"><testcase classname="robustGherkin.Some terse yet descriptive text of what is desired like bla bla" name="Some determinable business situation" status="failed" time="0.0"><error type="NotImplementedError" message="STEP: AND some other action">
<![CDATA[
Failing step: And some other action ... failed in 0.000s
Location: features\robustGherkin.feature:14
Traceback (most recent call last):
  File "c:\users\administrator\appdata\local\programs\python\python39\lib\site-packages\behave\model.py", line 1456, in run
    match.run(runner.context)
  File "c:\users\administrator\appdata\local\programs\python\python39\lib\site-packages\behave\model.py", line 1903, in run
    self.func(context, *args, **kwargs)
  File "features\steps\steps.py", line 39, in step_impl
    raise NotImplementedError(u'STEP: AND some other action')
NotImplementedError: STEP: AND some other action
]]>
</error><system-out>
<![CDATA[
@scenario.begin

  @Quick @full @annoy
  Scenario: Some determinable business situation
    Given a global administrator named "Greg" ... passed in 0.000s
    * a blog named "Greg's anti-tax rants" ... passed in 0.000s
    * a customer named "Wilson" ... passed in 0.000s
    Given the following people exist: ... passed in 0.000s
    And some precondition 1 ... passed in 0.000s
    When some action by the actor ... passed in 0.000s
    And some other action ... failed in 0.000s
    Then some testable outcome is achieved ... skipped in 0.000s
    And something else we can check happens too ... skipped in 0.000s

@scenario.end
--------------------------------------------------------------------------------
]]>
</system-out></testcase><testcase classname="robustGherkin.Some terse yet descriptive text of what is desired like bla bla" name="Some another scenario 2" status="failed" time="0.015628"><error type="NotImplementedError" message="STEP: And some other precondition with doc string">
<![CDATA[
Failing step: And some other precondition with doc string ... failed in 0.000s
Location: features\robustGherkin.feature:21
Traceback (most recent call last):
  File "c:\users\administrator\appdata\local\programs\python\python39\lib\site-packages\behave\model.py", line 1456, in run
    match.run(runner.context)
  File "c:\users\administrator\appdata\local\programs\python\python39\lib\site-packages\behave\model.py", line 1903, in run
    self.func(context, *args, **kwargs)
  File "features\steps\steps.py", line 68, in step_impl
    raise NotImplementedError(u'STEP: And some other precondition with doc string')
NotImplementedError: STEP: And some other precondition with doc string
]]>
</error><system-out>
<![CDATA[
@scenario.begin

  @Quick @nightly
  Scenario: Some another scenario 2
    Given a global administrator named "Greg" ... passed in 0.000s
    * a blog named "Greg's anti-tax rants" ... passed in 0.016s
    * a customer named "Wilson" ... passed in 0.000s
    Given some precondition ... passed in 0.000s
    And some other precondition with doc string ... failed in 0.000s
    When some action by the actor ... skipped in 0.000s
    And yet another action ... skipped in 0.000s
    Then some testable outcome is achieved ... skipped in 0.000s
    * something else we can check happens too ... skipped in 0.000s
    But I don't see something else ... skipped in 0.000s

@scenario.end
--------------------------------------------------------------------------------
]]>
</system-out></testcase><testcase classname="robustGherkin.Some terse yet descriptive text of what is desired like bla bla" name="feeding a cow cow1 yum yum yum -- @1.1 " status="passed" time="0.0"><system-out>
<![CDATA[
@scenario.begin
  Scenario Outline: feeding a cow cow1 yum yum yum -- @1.1 
    Given a global administrator named "Greg" ... passed in 0.000s
    * a blog named "Greg's anti-tax rants" ... passed in 0.000s
    * a customer named "Wilson" ... passed in 0.000s
    Given the cow weighs 450 kg ... passed in 0.000s
    When we calculate the feeding requirements ... passed in 0.000s
    Then the energy should be 26500 MJ ... passed in 0.000s

@scenario.end
--------------------------------------------------------------------------------
]]>
</system-out></testcase><testcase classname="robustGherkin.Some terse yet descriptive text of what is desired like bla bla" name="feeding a cow cow2 yum yum yum -- @1.2 " status="passed" time="0.0"><system-out>
<![CDATA[
@scenario.begin
  Scenario Outline: feeding a cow cow2 yum yum yum -- @1.2 
    Given a global administrator named "Greg" ... passed in 0.000s
    * a blog named "Greg's anti-tax rants" ... passed in 0.000s
    * a customer named "Wilson" ... passed in 0.000s
    Given the cow weighs 500 kg ... passed in 0.000s
    When we calculate the feeding requirements ... passed in 0.000s
    Then the energy should be 29500 MJ ... passed in 0.000s

@scenario.end
--------------------------------------------------------------------------------
]]>
</system-out></testcase></testsuite>