<?xml version="1.0" encoding="UTF-8"?>
<testsuite failures="2" errors="0" skipped="1" tests="4" time="0.075876" name="Some terse yet descriptive text of what is desired like bla bla">
    <testcase classname="Some terse yet descriptive text of what is desired like bla bla" name="Some determinable business situation" time="0.057229">
        <system-out>
            <![CDATA[]]>
        </system-out>
        <system-err>
            <![CDATA[]]>
        </system-err>
    </testcase>
    <testcase classname="Some terse yet descriptive text of what is desired like bla bla" name="Some another scenario 2" time="0.009797">
        <skipped/>
        <system-out>
            <![CDATA[]]>
        </system-out>
        <system-err>
            <![CDATA[]]>
        </system-err>
    </testcase>
    <testcase classname="Some terse yet descriptive text of what is desired like bla bla" name="feeding a cow &lt;name&gt; yum yum yum (outline example : | cow1 | 450 | 26500 |)" time="0.004784">
        <failure message="failed feeding a cow &lt;name&gt; yum yum yum (outline example : | cow1 | 450 | 26500 |)" type="failed">
            <![CDATA[Scenario Outline: feeding a cow <name> yum yum yum

Example row: | cow1 | 450 | 26500 |

Message:
]]>
            <![CDATA[error (RuntimeError)
./features/gherkin_sample.rb:63:in `nil'
features/gherkin_sample.feature:42:36:in `the cow weighs 450 kg']]>
        </failure>
        <system-out>
            <![CDATA[]]>
        </system-out>
        <system-err>
            <![CDATA[]]>
        </system-err>
    </testcase>
    <testcase classname="Some terse yet descriptive text of what is desired like bla bla" name="feeding a cow &lt;name&gt; yum yum yum (outline example : | cow2 | 500 | 29500 |)" time="0.004065">
        <failure message="failed feeding a cow &lt;name&gt; yum yum yum (outline example : | cow2 | 500 | 29500 |)" type="failed">
            <![CDATA[Scenario Outline: feeding a cow <name> yum yum yum

Example row: | cow2 | 500 | 29500 |

Message:
]]>
            <![CDATA[error (RuntimeError)
./features/gherkin_sample.rb:63:in `nil'
features/gherkin_sample.feature:43:36:in `the cow weighs 500 kg']]>
        </failure>
        <system-out>
            <![CDATA[]]>
        </system-out>
        <system-err>
            <![CDATA[]]>
        </system-err>
    </testcase>
</testsuite>
