<?xml version="1.0" encoding="UTF-8" standalone="no"?>
<testsuite errors="0" failures="3" name="io.cucumber.core.plugin.JUnitFormatter" skipped="0" tests="4" time="0.373">
    <testcase classname="Some terse yet descriptive text of what is desired like bla bla" name="Some determinable business situation" time="0.048">
        <failure message="" type="java.lang.AssertionError">
            <![CDATA[Given a global administrator named "Greg"...................................passed
* a blog named "Greg's anti-tax rants"......................................passed
* a customer named "Wilson".................................................passed
Given the following people exist:...........................................failed
And some precondition 1.....................................................skipped
When some action by the actor...............................................skipped
And some other action.......................................................skipped
Then some testable outcome is achieved......................................skipped
And something else we can check happens too.................................skipped

StackTrace:
java.lang.AssertionError
	at org.junit.Assert.fail(Assert.java:87)
	at org.junit.Assert.assertTrue(Assert.java:42)
	at org.junit.Assert.assertTrue(Assert.java:53)
	at hellocucumber.failed.StepDefinitions.the_following_people_exist(StepDefinitions.java:12)
	at ✽.the following people exist:(file:///C:/junit2octane/src/test/resources/features/robustgherkin.feature:14)
]]>
        </failure>
    </testcase>
    <testcase classname="Some terse yet descriptive text of what is desired like bla bla" name="Some another scenario 2" time="0.003">
        <system-out>
            <![CDATA[Given a global administrator named "Greg"...................................passed
* a blog named "Greg's anti-tax rants"......................................passed
* a customer named "Wilson".................................................passed
Given some precondition.....................................................passed
And some other precondition with doc string.................................passed
When some action by the actor...............................................passed
And yet another action......................................................passed
Then some testable outcome is achieved......................................passed
* something else we can check happens too...................................passed
But I don't see something else..............................................passed
]]>
        </system-out>
    </testcase>
    <testcase classname="Some terse yet descriptive text of what is desired like bla bla" name="feeding a cow cow1 yum yum yum" time="0.002">
        <failure message="" type="java.lang.AssertionError">
            <![CDATA[Given a global administrator named "Greg"...................................passed
* a blog named "Greg's anti-tax rants"......................................passed
* a customer named "Wilson".................................................passed
Given the cow weighs 450 kg.................................................passed
When we calculate the feeding requirements..................................failed
Then the energy should be 26500 MJ..........................................skipped

StackTrace:
java.lang.AssertionError
	at org.junit.Assert.fail(Assert.java:87)
	at org.junit.Assert.assertTrue(Assert.java:42)
	at org.junit.Assert.assertTrue(Assert.java:53)
	at hellocucumber.failed.StepDefinitions.we_calculate_the_feeding_requirements(StepDefinitions.java:67)
	at ✽.we calculate the feeding requirements(file:///C:/junit2octane/src/test/resources/features/robustgherkin.feature:43)
]]>
        </failure>
    </testcase>
    <testcase classname="Some terse yet descriptive text of what is desired like bla bla" name="feeding a cow cow2 yum yum yum" time="0.002">
        <failure message="" type="java.lang.AssertionError">
            <![CDATA[Given a global administrator named "Greg"...................................passed
* a blog named "Greg's anti-tax rants"......................................passed
* a customer named "Wilson".................................................passed
Given the cow weighs 500 kg.................................................passed
When we calculate the feeding requirements..................................failed
Then the energy should be 29500 MJ..........................................skipped

StackTrace:
java.lang.AssertionError
	at org.junit.Assert.fail(Assert.java:87)
	at org.junit.Assert.assertTrue(Assert.java:42)
	at org.junit.Assert.assertTrue(Assert.java:53)
	at hellocucumber.failed.StepDefinitions.we_calculate_the_feeding_requirements(StepDefinitions.java:67)
	at ✽.we calculate the feeding requirements(file:///C:/junit2octane/src/test/resources/features/robustgherkin.feature:43)
]]>
        </failure>
    </testcase>
</testsuite>
