<?xml version="1.0" encoding="UTF-8"?>
<testsuite xmlns:xsi="http://www.w3.org/2001/XMLSchema-instance" xsi:noNamespaceSchemaLocation="https://maven.apache.org/surefire/maven-surefire-plugin/xsd/surefire-test-report-3.0.xsd" version="3.0" name="com.mytest.twoscenarios.CucumberTest" time="0.098" tests="5" errors="0" skipped="0" failures="0">
    <properties>
[...]
</properties>
    <testcase name="Some terse yet descriptive text of what is desired like bla bla 3 examples - Some determinable business situation" classname="Some terse yet descriptive text of what is desired like bla bla 3 examples" time="0.03">
        <system-out><![CDATA[
@Quick @full @annoy
Scenario: Some determinable business situation &amp#27;[90m# com/mytest/twoscenarios/TwoSameOutlinedScenario.feature:13&amp#27;[0m
  &amp#27;[32mGiven &amp#27;[0m&amp#27;[32ma global administrator named &amp#27;[0m&amp#27;[32m&amp#27;[1m"Greg"&amp#27;[0m    &amp#27;[90m# com.mytest.twoscenarios.StepDefinitions.a_global_administrator_named(java.lang.String)&amp#27;[0m
  &amp#27;[32m* &amp#27;[0m&amp#27;[32ma blog named &amp#27;[0m&amp#27;[32m&amp#27;[1m"Greg's anti-tax rants"&amp#27;[0m       &amp#27;[90m# com.mytest.twoscenarios.StepDefinitions.a_blog_named(java.lang.String)&amp#27;[0m
  &amp#27;[32m* &amp#27;[0m&amp#27;[32ma customer named &amp#27;[0m&amp#27;[32m&amp#27;[1m"Wilson"&amp#27;[0m                  &amp#27;[90m# com.mytest.twoscenarios.StepDefinitions.a_customer_named(java.lang.String)&amp#27;[0m
  &amp#27;[32mGiven &amp#27;[0m&amp#27;[32mthe following people exist:&amp#27;[0m            &amp#27;[90m# com.mytest.twoscenarios.StepDefinitions.the_following_people_exist(io.cucumber.datatable.DataTable)&amp#27;[0m
    | name | email          | phone |
    | Aila | aila@email.com | 123   |
    | Joe  | joe@email.com  | 234   |
  &amp#27;[32mAnd &amp#27;[0m&amp#27;[32msome precondition &amp#27;[0m&amp#27;[32m&amp#27;[1m1&amp#27;[0m                      &amp#27;[90m# com.mytest.twoscenarios.StepDefinitions.some_precondition(java.lang.Integer)&amp#27;[0m
  &amp#27;[32mWhen &amp#27;[0m&amp#27;[32msome action by the actor&amp#27;[0m                &amp#27;[90m# com.mytest.twoscenarios.StepDefinitions.some_action_by_the_actor()&amp#27;[0m
  &amp#27;[32mAnd &amp#27;[0m&amp#27;[32msome other action&amp#27;[0m                        &amp#27;[90m# com.mytest.twoscenarios.StepDefinitions.some_other_action()&amp#27;[0m
  &amp#27;[32mThen &amp#27;[0m&amp#27;[32msome testable outcome is achieved&amp#27;[0m       &amp#27;[90m# com.mytest.twoscenarios.StepDefinitions.some_testable_outcome_is_achieved()&amp#27;[0m
  &amp#27;[32mAnd &amp#27;[0m&amp#27;[32msomething else we can check happens too&amp#27;[0m  &amp#27;[90m# com.mytest.twoscenarios.StepDefinitions.something_else_we_can_check_happens_too()&amp#27;[0m
]]></system-out>
    </testcase>
    <testcase name="Some terse yet descriptive text of what is desired like bla bla 3 examples - Some another scenario 2" classname="Some terse yet descriptive text of what is desired like bla bla 3 examples" time="0.01">
        <system-out><![CDATA[
@Quick @nightly
Scenario: Some another scenario 2             &amp#27;[90m# com/mytest/twoscenarios/TwoSameOutlinedScenario.feature:25&amp#27;[0m
  &amp#27;[32mGiven &amp#27;[0m&amp#27;[32ma global administrator named &amp#27;[0m&amp#27;[32m&amp#27;[1m"Greg"&amp#27;[0m   &amp#27;[90m# com.mytest.twoscenarios.StepDefinitions.a_global_administrator_named(java.lang.String)&amp#27;[0m
  &amp#27;[32m* &amp#27;[0m&amp#27;[32ma blog named &amp#27;[0m&amp#27;[32m&amp#27;[1m"Greg's anti-tax rants"&amp#27;[0m      &amp#27;[90m# com.mytest.twoscenarios.StepDefinitions.a_blog_named(java.lang.String)&amp#27;[0m
  &amp#27;[32m* &amp#27;[0m&amp#27;[32ma customer named &amp#27;[0m&amp#27;[32m&amp#27;[1m"Wilson"&amp#27;[0m                 &amp#27;[90m# com.mytest.twoscenarios.StepDefinitions.a_customer_named(java.lang.String)&amp#27;[0m
  &amp#27;[32mGiven &amp#27;[0m&amp#27;[32msome precondition&amp#27;[0m                     &amp#27;[90m# com.mytest.twoscenarios.StepDefinitions.some_precondition()&amp#27;[0m
  &amp#27;[32mAnd &amp#27;[0m&amp#27;[32msome other precondition with doc string&amp#27;[0m &amp#27;[90m# com.mytest.twoscenarios.StepDefinitions.some_other_precondition_with_doc_string(java.lang.String)&amp#27;[0m
  &amp#27;[32mWhen &amp#27;[0m&amp#27;[32msome action by the actor&amp#27;[0m               &amp#27;[90m# com.mytest.twoscenarios.StepDefinitions.some_action_by_the_actor()&amp#27;[0m
  &amp#27;[32mAnd &amp#27;[0m&amp#27;[32myet another action&amp#27;[0m                      &amp#27;[90m# com.mytest.twoscenarios.StepDefinitions.yet_another_action()&amp#27;[0m
  &amp#27;[32mThen &amp#27;[0m&amp#27;[32msome testable outcome is achieved&amp#27;[0m      &amp#27;[90m# com.mytest.twoscenarios.StepDefinitions.some_testable_outcome_is_achieved()&amp#27;[0m
  &amp#27;[32m* &amp#27;[0m&amp#27;[32msomething else we can check happens too&amp#27;[0m   &amp#27;[90m# com.mytest.twoscenarios.StepDefinitions.something_else_we_can_check_happens_too()&amp#27;[0m
  &amp#27;[32mBut &amp#27;[0m&amp#27;[32mI don't see something else&amp#27;[0m              &amp#27;[90m# com.mytest.twoscenarios.StepDefinitions.i_don_t_see_something_else()&amp#27;[0m
]]></system-out>
    </testcase>
    <testcase name="Some terse yet descriptive text of what is desired like bla bla 3 examples - feeding a cow &lt;name&gt; yum yum yum - Examples - Example #1.1" classname="Some terse yet descriptive text of what is desired like bla bla 3 examples - feeding a cow &lt;name&gt; yum yum yum - Examples" time="0.005">
        <system-out><![CDATA[
Scenario Outline: feeding a cow cow1 yum yum yum &amp#27;[90m# com/mytest/twoscenarios/TwoSameOutlinedScenario.feature:48&amp#27;[0m
  &amp#27;[32mGiven &amp#27;[0m&amp#27;[32ma global administrator named &amp#27;[0m&amp#27;[32m&amp#27;[1m"Greg"&amp#27;[0m      &amp#27;[90m# com.mytest.twoscenarios.StepDefinitions.a_global_administrator_named(java.lang.String)&amp#27;[0m
  &amp#27;[32m* &amp#27;[0m&amp#27;[32ma blog named &amp#27;[0m&amp#27;[32m&amp#27;[1m"Greg's anti-tax rants"&amp#27;[0m         &amp#27;[90m# com.mytest.twoscenarios.StepDefinitions.a_blog_named(java.lang.String)&amp#27;[0m
  &amp#27;[32m* &amp#27;[0m&amp#27;[32ma customer named &amp#27;[0m&amp#27;[32m&amp#27;[1m"Wilson"&amp#27;[0m                    &amp#27;[90m# com.mytest.twoscenarios.StepDefinitions.a_customer_named(java.lang.String)&amp#27;[0m
  &amp#27;[32mGiven &amp#27;[0m&amp#27;[32mthe cow weighs &amp#27;[0m&amp#27;[32m&amp#27;[1m450&amp#27;[0m&amp#27;[32m kg&amp#27;[0m                    &amp#27;[90m# com.mytest.twoscenarios.StepDefinitions.the_cow_weighs_kg(java.lang.Integer)&amp#27;[0m
  &amp#27;[32mWhen &amp#27;[0m&amp#27;[32mwe calculate the feeding requirements&amp#27;[0m     &amp#27;[90m# com.mytest.twoscenarios.StepDefinitions.we_calculate_the_feeding_requirements()&amp#27;[0m
  &amp#27;[32mThen &amp#27;[0m&amp#27;[32mthe energy should be &amp#27;[0m&amp#27;[32m&amp#27;[1m26500&amp#27;[0m&amp#27;[32m MJ&amp#27;[0m             &amp#27;[90m# com.mytest.twoscenarios.StepDefinitions.the_energy_should_be_mj(java.lang.Integer)&amp#27;[0m
]]></system-out>
    </testcase>
    <testcase name="Some terse yet descriptive text of what is desired like bla bla 3 examples - feeding a cow &lt;name&gt; yum yum yum - Examples - Example #1.2" classname="Some terse yet descriptive text of what is desired like bla bla 3 examples - feeding a cow &lt;name&gt; yum yum yum - Examples" time="0.006">
        <system-out><![CDATA[
Scenario Outline: feeding a cow cow1 yum yum yum &amp#27;[90m# com/mytest/twoscenarios/TwoSameOutlinedScenario.feature:49&amp#27;[0m
  &amp#27;[32mGiven &amp#27;[0m&amp#27;[32ma global administrator named &amp#27;[0m&amp#27;[32m&amp#27;[1m"Greg"&amp#27;[0m      &amp#27;[90m# com.mytest.twoscenarios.StepDefinitions.a_global_administrator_named(java.lang.String)&amp#27;[0m
  &amp#27;[32m* &amp#27;[0m&amp#27;[32ma blog named &amp#27;[0m&amp#27;[32m&amp#27;[1m"Greg's anti-tax rants"&amp#27;[0m         &amp#27;[90m# com.mytest.twoscenarios.StepDefinitions.a_blog_named(java.lang.String)&amp#27;[0m
  &amp#27;[32m* &amp#27;[0m&amp#27;[32ma customer named &amp#27;[0m&amp#27;[32m&amp#27;[1m"Wilson"&amp#27;[0m                    &amp#27;[90m# com.mytest.twoscenarios.StepDefinitions.a_customer_named(java.lang.String)&amp#27;[0m
  &amp#27;[32mGiven &amp#27;[0m&amp#27;[32mthe cow weighs &amp#27;[0m&amp#27;[32m&amp#27;[1m451&amp#27;[0m&amp#27;[32m kg&amp#27;[0m                    &amp#27;[90m# com.mytest.twoscenarios.StepDefinitions.the_cow_weighs_kg(java.lang.Integer)&amp#27;[0m
  &amp#27;[32mWhen &amp#27;[0m&amp#27;[32mwe calculate the feeding requirements&amp#27;[0m     &amp#27;[90m# com.mytest.twoscenarios.StepDefinitions.we_calculate_the_feeding_requirements()&amp#27;[0m
  &amp#27;[32mThen &amp#27;[0m&amp#27;[32mthe energy should be &amp#27;[0m&amp#27;[32m&amp#27;[1m26501&amp#27;[0m&amp#27;[32m MJ&amp#27;[0m             &amp#27;[90m# com.mytest.twoscenarios.StepDefinitions.the_energy_should_be_mj(java.lang.Integer)&amp#27;[0m
]]></system-out>
    </testcase>
    <testcase name="Some terse yet descriptive text of what is desired like bla bla 3 examples - feeding a cow &lt;name&gt; yum yum yum - Examples - Example #1.3" classname="Some terse yet descriptive text of what is desired like bla bla 3 examples - feeding a cow &lt;name&gt; yum yum yum - Examples" time="0.006">
        <system-out><![CDATA[
Scenario Outline: feeding a cow cow2 yum yum yum &amp#27;[90m# com/mytest/twoscenarios/TwoSameOutlinedScenario.feature:50&amp#27;[0m
  &amp#27;[32mGiven &amp#27;[0m&amp#27;[32ma global administrator named &amp#27;[0m&amp#27;[32m&amp#27;[1m"Greg"&amp#27;[0m      &amp#27;[90m# com.mytest.twoscenarios.StepDefinitions.a_global_administrator_named(java.lang.String)&amp#27;[0m
  &amp#27;[32m* &amp#27;[0m&amp#27;[32ma blog named &amp#27;[0m&amp#27;[32m&amp#27;[1m"Greg's anti-tax rants"&amp#27;[0m         &amp#27;[90m# com.mytest.twoscenarios.StepDefinitions.a_blog_named(java.lang.String)&amp#27;[0m
  &amp#27;[32m* &amp#27;[0m&amp#27;[32ma customer named &amp#27;[0m&amp#27;[32m&amp#27;[1m"Wilson"&amp#27;[0m                    &amp#27;[90m# com.mytest.twoscenarios.StepDefinitions.a_customer_named(java.lang.String)&amp#27;[0m
  &amp#27;[32mGiven &amp#27;[0m&amp#27;[32mthe cow weighs &amp#27;[0m&amp#27;[32m&amp#27;[1m500&amp#27;[0m&amp#27;[32m kg&amp#27;[0m                    &amp#27;[90m# com.mytest.twoscenarios.StepDefinitions.the_cow_weighs_kg(java.lang.Integer)&amp#27;[0m
  &amp#27;[32mWhen &amp#27;[0m&amp#27;[32mwe calculate the feeding requirements&amp#27;[0m     &amp#27;[90m# com.mytest.twoscenarios.StepDefinitions.we_calculate_the_feeding_requirements()&amp#27;[0m
  &amp#27;[32mThen &amp#27;[0m&amp#27;[32mthe energy should be &amp#27;[0m&amp#27;[32m&amp#27;[1m29500&amp#27;[0m&amp#27;[32m MJ&amp#27;[0m             &amp#27;[90m# com.mytest.twoscenarios.StepDefinitions.the_energy_should_be_mj(java.lang.Integer)&amp#27;[0m
]]></system-out>
    </testcase>
</testsuite>